2021-10-23T19:46:54.461+1100 INFO Starting ms_booksTests using Java 16.0.1 on JACOBRYZEN with PID 21396 (started by Jacob McEwan in F:\RMIT\SEPT\sept-group-assignment\BackEnd\bookmicroservices)
2021-10-23T19:46:54.465+1100 DEBUG Running with Spring Boot v2.5.4, Spring v5.3.9
2021-10-23T19:46:54.467+1100 INFO No active profile set, falling back to default profiles: default
2021-10-23T19:46:59.601+1100 INFO Disabling Authentication.
2021-10-23T19:47:01.058+1100 INFO Configuring SpringSecurity
2021-10-23T19:47:01.937+1100 INFO Allowing CORS on all endpoints.
2021-10-23T19:47:04.013+1100 INFO Started ms_booksTests in 9.925 seconds (JVM running for 17.161)
2021-10-23T19:47:04.332+1100 INFO Starting BookControllerTest using Java 16.0.1 on JACOBRYZEN with PID 21396 (started by Jacob McEwan in F:\RMIT\SEPT\sept-group-assignment\BackEnd\bookmicroservices)
2021-10-23T19:47:04.334+1100 DEBUG Running with Spring Boot v2.5.4, Spring v5.3.9
2021-10-23T19:47:04.334+1100 INFO The following profiles are active: test
2021-10-23T19:47:05.335+1100 INFO Disabling Authentication.
2021-10-23T19:47:05.584+1100 INFO Configuring SpringSecurity
2021-10-23T19:47:05.908+1100 INFO Allowing CORS on all endpoints.
2021-10-23T19:47:06.882+1100 INFO Started BookControllerTest in 2.59 seconds (JVM running for 20.029)
2021-10-23T19:47:07.791+1100 DEBUG Caught API Error to /api/books. Responding with BAD REQUEST.
2021-10-23T19:47:08.306+1100 DEBUG Caught API Error to /api/bookForSales. Responding with BAD REQUEST.
2021-10-23T19:51:14.626+1100 INFO Starting ms_booksTests using Java 16.0.1 on JACOBRYZEN with PID 4784 (started by Jacob McEwan in F:\RMIT\SEPT\sept-group-assignment\BackEnd\bookmicroservices)
2021-10-23T19:51:14.636+1100 DEBUG Running with Spring Boot v2.5.4, Spring v5.3.9
2021-10-23T19:51:14.642+1100 INFO No active profile set, falling back to default profiles: default
2021-10-23T19:51:21.488+1100 INFO Disabling Authentication.
2021-10-23T19:51:23.015+1100 INFO Configuring SpringSecurity
2021-10-23T19:51:23.723+1100 INFO Allowing CORS on all endpoints.
2021-10-23T19:51:27.360+1100 INFO Started ms_booksTests in 13.131 seconds (JVM running for 53.234)
2021-10-23T19:51:28.416+1100 INFO Starting BookControllerTest using Java 16.0.1 on JACOBRYZEN with PID 4784 (started by Jacob McEwan in F:\RMIT\SEPT\sept-group-assignment\BackEnd\bookmicroservices)
2021-10-23T19:51:28.421+1100 DEBUG Running with Spring Boot v2.5.4, Spring v5.3.9
2021-10-23T19:51:28.423+1100 INFO The following profiles are active: test
2021-10-23T19:51:31.264+1100 INFO Disabling Authentication.
2021-10-23T19:51:31.721+1100 INFO Configuring SpringSecurity
2021-10-23T19:51:32.086+1100 INFO Allowing CORS on all endpoints.
2021-10-23T19:51:35.145+1100 INFO Started BookControllerTest in 6.788 seconds (JVM running for 61.018)
2021-10-23T19:51:42.939+1100 DEBUG Caught API Error to /api/books. Responding with BAD REQUEST.
2021-10-23T19:51:54.529+1100 DEBUG Caught API Error to /api/bookForSales. Responding with BAD REQUEST.
