2021-10-23T12:57:58.657+1100 INFO Starting MsBooks using Java 16.0.1 on JACOBRYZEN with PID 20676 (F:\RMIT\SEPT\sept-group-assignment\BackEnd\bookmicroservices\target\classes started by Jacob McEwan in F:\RMIT\SEPT\sept-group-assignment)
2021-10-23T12:57:58.660+1100 DEBUG Running with Spring Boot v2.5.4, Spring v5.3.9
2021-10-23T12:57:58.660+1100 INFO No active profile set, falling back to default profiles: default
2021-10-23T12:58:01.806+1100 INFO Disabling Authentication.
2021-10-23T12:58:02.312+1100 INFO Configuring SpringSecurity
2021-10-23T12:58:02.522+1100 INFO Allowing CORS on all endpoints.
2021-10-23T12:58:03.364+1100 INFO Started MsBooks in 5.016 seconds (JVM running for 6.681)
2021-10-23T21:14:16.460+1100 INFO Starting MsBooks using Java 11.0.12 on r00t with PID 74568 (C:\Users\Ming\Documents\sept-group-assignment\BackEnd\bookmicroservices\target\classes started by Ming in C:\Users\Ming\Documents\sept-group-assignment)
2021-10-23T21:14:16.462+1100 DEBUG Running with Spring Boot v2.5.4, Spring v5.3.9
2021-10-23T21:14:16.462+1100 INFO No active profile set, falling back to default profiles: default
2021-10-23T21:14:19.388+1100 INFO Disabling Authentication.
2021-10-23T21:14:19.929+1100 INFO Configuring SpringSecurity
2021-10-23T21:14:20.135+1100 INFO Allowing CORS on all endpoints.
2021-10-23T21:14:20.716+1100 INFO Started MsBooks in 4.621 seconds (JVM running for 6.217)
2021-10-23T22:11:26.647+1100 DEBUG Caught API Error to /api/books. Responding with BAD REQUEST.
2021-10-23T22:30:51.130+1100 DEBUG Caught API Error to /api/books. Responding with BAD REQUEST.
2021-10-23T22:31:03.190+1100 DEBUG Caught API Error to /api/books. Responding with BAD REQUEST.
2021-10-23T22:31:25.205+1100 DEBUG Caught API Error to /api/books. Responding with BAD REQUEST.
2021-10-23T22:32:14.845+1100 INFO Starting MsBooks using Java 11.0.12 on r00t with PID 67464 (C:\Users\Ming\Documents\sept-group-assignment\BackEnd\bookmicroservices\target\classes started by Ming in C:\Users\Ming\Documents\sept-group-assignment)
2021-10-23T22:32:14.847+1100 DEBUG Running with Spring Boot v2.5.4, Spring v5.3.9
2021-10-23T22:32:14.848+1100 INFO No active profile set, falling back to default profiles: default
2021-10-23T22:32:17.214+1100 INFO Disabling Authentication.
2021-10-23T22:32:17.594+1100 INFO Configuring SpringSecurity
2021-10-23T22:32:17.745+1100 INFO Allowing CORS on all endpoints.
2021-10-23T22:32:18.330+1100 INFO Started MsBooks in 3.749 seconds (JVM running for 5.028)
2021-10-23T22:32:43.330+1100 DEBUG Caught API Error to /api/books. Responding with BAD REQUEST.
2021-10-23T22:33:34.299+1100 DEBUG Caught API Error to /api/books. Responding with BAD REQUEST.
2021-10-23T22:33:36.450+1100 DEBUG Caught API Error to /api/books. Responding with BAD REQUEST.
2021-10-23T22:33:37.255+1100 DEBUG Caught API Error to /api/books. Responding with BAD REQUEST.
2021-10-23T22:33:37.581+1100 DEBUG Caught API Error to /api/books. Responding with BAD REQUEST.
2021-10-23T22:33:37.869+1100 DEBUG Caught API Error to /api/books. Responding with BAD REQUEST.
2021-10-23T22:33:38.097+1100 DEBUG Caught API Error to /api/books. Responding with BAD REQUEST.
2021-10-23T22:33:38.320+1100 DEBUG Caught API Error to /api/books. Responding with BAD REQUEST.
2021-10-23T22:33:38.528+1100 DEBUG Caught API Error to /api/books. Responding with BAD REQUEST.
2021-10-23T22:33:43.591+1100 DEBUG Caught API Error to /api/books. Responding with BAD REQUEST.
2021-10-23T22:34:52.644+1100 DEBUG Caught API Error to /api/books. Responding with BAD REQUEST.
2021-10-23T22:34:56.594+1100 DEBUG Caught API Error to /api/books. Responding with BAD REQUEST.
2021-10-23T22:35:21.449+1100 DEBUG Caught API Error to /api/books. Responding with BAD REQUEST.
2021-10-23T22:35:43.543+1100 DEBUG Caught API Error to /api/books. Responding with BAD REQUEST.
2021-10-23T22:35:59.250+1100 DEBUG Caught API Error to /api/books. Responding with BAD REQUEST.
2021-10-23T22:36:40.058+1100 DEBUG Caught API Error to /api/books. Responding with BAD REQUEST.
2021-10-23T22:37:21.439+1100 DEBUG Caught API Error to /api/books. Responding with BAD REQUEST.
2021-10-23T22:39:03.536+1100 DEBUG Caught API Error to /api/books. Responding with BAD REQUEST.
2021-10-23T22:39:17.146+1100 DEBUG Caught API Error to /api/books. Responding with BAD REQUEST.
2021-10-23T22:39:50.730+1100 DEBUG Caught API Error to /api/books. Responding with BAD REQUEST.
2021-10-23T22:40:22.121+1100 DEBUG Caught API Error to /api/books. Responding with BAD REQUEST.
2021-10-23T22:41:04.259+1100 DEBUG Caught API Error to /api/books. Responding with BAD REQUEST.
2021-10-23T22:41:32.104+1100 DEBUG Caught API Error to /api/books. Responding with BAD REQUEST.
2021-10-23T22:52:59.657+1100 DEBUG Caught API Error to /api/books. Responding with BAD REQUEST.
2021-10-23T22:54:20.685+1100 DEBUG Caught API Error to /api/books. Responding with BAD REQUEST.
2021-10-23T22:54:24.774+1100 DEBUG Caught API Error to /api/books. Responding with BAD REQUEST.
2021-10-23T23:00:29.206+1100 DEBUG Caught API Error to /api/books. Responding with BAD REQUEST.
2021-10-23T23:01:02.302+1100 INFO Starting MsBooks using Java 11.0.12 on r00t with PID 76576 (C:\Users\Ming\Documents\sept-group-assignment\BackEnd\bookmicroservices\target\classes started by Ming in C:\Users\Ming\Documents\sept-group-assignment)
2021-10-23T23:01:02.305+1100 DEBUG Running with Spring Boot v2.5.4, Spring v5.3.9
2021-10-23T23:01:02.306+1100 INFO No active profile set, falling back to default profiles: default
2021-10-23T23:01:05.248+1100 INFO Disabling Authentication.
2021-10-23T23:01:05.645+1100 INFO Configuring SpringSecurity
2021-10-23T23:01:05.830+1100 INFO Allowing CORS on all endpoints.
2021-10-23T23:01:06.506+1100 INFO Started MsBooks in 4.501 seconds (JVM running for 6.348)
2021-10-23T23:01:25.458+1100 DEBUG Caught API Error to /api/books. Responding with BAD REQUEST.
2021-10-23T23:07:06.663+1100 DEBUG Caught API Error to /api/books. Responding with BAD REQUEST.
2021-10-23T23:07:06.664+1100 DEBUG Caught API Error to /api/books. Responding with BAD REQUEST.
2021-10-23T23:07:11.093+1100 INFO Starting MsBooks using Java 11.0.12 on r00t with PID 77684 (C:\Users\Ming\Documents\sept-group-assignment\BackEnd\bookmicroservices\target\classes started by Ming in C:\Users\Ming\Documents\sept-group-assignment)
2021-10-23T23:07:11.096+1100 DEBUG Running with Spring Boot v2.5.4, Spring v5.3.9
2021-10-23T23:07:11.097+1100 INFO No active profile set, falling back to default profiles: default
2021-10-23T23:07:13.781+1100 INFO Disabling Authentication.
2021-10-23T23:07:14.171+1100 INFO Configuring SpringSecurity
2021-10-23T23:07:14.319+1100 INFO Allowing CORS on all endpoints.
2021-10-23T23:07:14.873+1100 INFO Started MsBooks in 4.15 seconds (JVM running for 5.613)
2021-10-23T23:07:25.898+1100 DEBUG Caught API Error to /api/books. Responding with BAD REQUEST.
2021-10-23T23:07:56.420+1100 DEBUG Caught API Error to /api/books. Responding with BAD REQUEST.
2021-10-23T23:08:42.357+1100 DEBUG Caught API Error to /api/books. Responding with BAD REQUEST.
2021-10-23T23:09:04.857+1100 DEBUG Caught API Error to /api/books. Responding with BAD REQUEST.
2021-10-23T23:09:07.255+1100 DEBUG Caught API Error to /api/books. Responding with BAD REQUEST.
2021-10-23T23:09:15.241+1100 DEBUG Caught API Error to /api/books. Responding with BAD REQUEST.
2021-10-23T23:10:58.427+1100 DEBUG Caught API Error to /api/books. Responding with BAD REQUEST.
2021-10-23T23:11:12.684+1100 DEBUG Caught API Error to /api/books. Responding with BAD REQUEST.
